<?xml version="1.0" encoding="UTF-8"?>
<!-- Generated by org.testng.reporters.JUnitXMLReporter -->
<testsuite ignored="1" hostname="LAPTOP-644D0OPQ" failures="1" tests="5" name="Test-1" time="735.321" errors="0" timestamp="2021-12-28T17:38:02 IST">
  <testcase classname="com.TestNG_RunnerClass.TestNgRunner" name="women" time="170.516"/>
  <testcase classname="com.TestNG_RunnerClass.TestNgRunner" name="dresses" time="80.529">
    <failure type="org.testng.internal.thread.ThreadTimeoutException" message="Method com.TestNG_RunnerClass.TestNgRunner.dresses() didn&amp;apos;t finish within the time-out 80510">
      <![CDATA[org.testng.internal.thread.ThreadTimeoutException: Method com.TestNG_RunnerClass.TestNgRunner.dresses() didn't finish within the time-out 80510
at java.base/java.util.ArrayList.forEach(ArrayList.java:1511)
... Removed 24 stack frames]]>
    </failure>
  </testcase> <!-- dresses -->
  <testcase classname="com.TestNG_RunnerClass.TestNgRunner" name="blouses" time="104.441"/>
  <testcase classname="com.TestNG_RunnerClass.TestNgRunner" name="blouses" time="113.301"/>
  <testcase classname="com.TestNG_RunnerClass.TestNgRunner" name="womenTshirt" time="92.731"/>
  <testcase classname="com.TestNG_RunnerClass.TestNgRunner" name="summerDresses" time="0.0">
    <ignored/>
  </testcase> <!-- summerDresses -->
</testsuite> <!-- Test-1 -->
