<?xml version="1.0" encoding="UTF-8"?>
<!-- Generated by org.testng.reporters.JUnitReportReporter -->
<testsuite hostname="LAPTOP-644D0OPQ" failures="0" tests="2" name="com.TestNg.ParameterizedFeature" time="0.015" errors="0" timestamp="2021-12-26T21:14:22 IST" skipped="0">
  <testcase classname="com.TestNg.ParameterizedFeature" name="login" time="0.012"/>
  <system-out/>
  <testcase classname="com.TestNg.ParameterizedFeature" name="message" time="0.003"/>
  <system-out/>
</testsuite> <!-- com.TestNg.ParameterizedFeature -->
