<?xml version="1.0" encoding="UTF-8"?>
<!-- Generated by org.testng.reporters.JUnitReportReporter -->
<testsuite hostname="LAPTOP-644D0OPQ" failures="0" tests="1" name="com.TestNg.Soft_Assert" time="0.026" errors="0" timestamp="2021-12-23T18:33:31 IST" skipped="0">
  <testcase classname="com.TestNg.Soft_Assert" name="assertMethods" time="0.026"/>
  <system-out/>
</testsuite> <!-- com.TestNg.Soft_Assert -->
