<?xml version="1.0" encoding="UTF-8"?>
<!-- Generated by org.testng.reporters.JUnitReportReporter -->
<testsuite hostname="LAPTOP-644D0OPQ" failures="0" tests="5" name="com.TestNg.FeatureFiles" time="0.019" errors="0" timestamp="2021-12-26T21:19:51 IST" skipped="1">
  <testcase classname="com.TestNg.FeatureFiles" name="refresh" time="0.002"/>
  <system-out/>
  <testcase classname="com.TestNg.FeatureFiles" name="refresh" time="0.011"/>
  <system-out/>
  <testcase classname="com.TestNg.FeatureFiles" name="tShirts" time="0.002"/>
  <system-out/>
  <testcase classname="com.TestNg.FeatureFiles" name="women" time="0.004"/>
  <system-out/>
  <testcase classname="com.TestNg.FeatureFiles" name="dresses">
    <skipped/>
  </testcase> <!-- dresses -->
  <system-out/>
</testsuite> <!-- com.TestNg.FeatureFiles -->
